2013/04/13 07:54:08 [error] [exception.CDbException] exception 'CDbException' with message 'CDbConnection failed to open the DB connection: SQLSTATE[HY000] [1045] Access denied for user 'interlock'@'localhost' (using password: YES)' in C:\xampp\htdocs\MID\framework\db\CDbConnection.php:381
Stack trace:
#0 C:\xampp\htdocs\MID\framework\db\CDbConnection.php(330): CDbConnection->open()
#1 C:\xampp\htdocs\MID\framework\db\CDbConnection.php(308): CDbConnection->setActive(true)
#2 C:\xampp\htdocs\MID\framework\base\CModule.php(387): CDbConnection->init()
#3 C:\xampp\htdocs\MID\framework\base\CModule.php(103): CModule->getComponent('db')
#4 C:\xampp\htdocs\MID\framework\gii\generators\crud\CrudCode.php(44): CModule->__get('db')
#5 C:\xampp\htdocs\MID\framework\web\CFormModel.php(39): CrudCode->init()
#6 C:\xampp\htdocs\MID\framework\gii\CCodeGenerator.php(153): CFormModel->__construct()
#7 C:\xampp\htdocs\MID\framework\gii\CCodeGenerator.php(63): CCodeGenerator->prepare()
#8 C:\xampp\htdocs\MID\framework\web\actions\CInlineAction.php(49): CCodeGenerator->actionIndex()
#9 C:\xampp\htdocs\MID\framework\web\CController.php(308): CInlineAction->runWithParams(Array)
#10 C:\xampp\htdocs\MID\framework\web\CController.php(286): CController->runAction(Object(CInlineAction))
#11 C:\xampp\htdocs\MID\framework\web\CController.php(265): CController->runActionWithFilters(Object(CInlineAction), Array)
#12 C:\xampp\htdocs\MID\framework\web\CWebApplication.php(282): CController->run('')
#13 C:\xampp\htdocs\MID\framework\web\CWebApplication.php(141): CWebApplication->runController('gii/crud')
#14 C:\xampp\htdocs\MID\framework\base\CApplication.php(169): CWebApplication->processRequest()
#15 C:\xampp\htdocs\MID\index.php(13): CApplication->run()
#16 {main}
REQUEST_URI=/MID/index.php/gii/crud
HTTP_REFERER=http://localhost/MID/index.php/gii/module
---
2013/04/13 07:54:37 [error] [exception.CDbException] exception 'CDbException' with message 'CDbConnection failed to open the DB connection: SQLSTATE[HY000] [1045] Access denied for user 'interlock'@'localhost' (using password: YES)' in C:\xampp\htdocs\MID\framework\db\CDbConnection.php:381
Stack trace:
#0 C:\xampp\htdocs\MID\framework\db\CDbConnection.php(330): CDbConnection->open()
#1 C:\xampp\htdocs\MID\framework\db\CDbConnection.php(308): CDbConnection->setActive(true)
#2 C:\xampp\htdocs\MID\framework\base\CModule.php(387): CDbConnection->init()
#3 C:\xampp\htdocs\MID\framework\base\CModule.php(103): CModule->getComponent('db')
#4 C:\xampp\htdocs\MID\framework\gii\generators\crud\CrudCode.php(44): CModule->__get('db')
#5 C:\xampp\htdocs\MID\framework\web\CFormModel.php(39): CrudCode->init()
#6 C:\xampp\htdocs\MID\framework\gii\CCodeGenerator.php(153): CFormModel->__construct()
#7 C:\xampp\htdocs\MID\framework\gii\CCodeGenerator.php(63): CCodeGenerator->prepare()
#8 C:\xampp\htdocs\MID\framework\web\actions\CInlineAction.php(49): CCodeGenerator->actionIndex()
#9 C:\xampp\htdocs\MID\framework\web\CController.php(308): CInlineAction->runWithParams(Array)
#10 C:\xampp\htdocs\MID\framework\web\CController.php(286): CController->runAction(Object(CInlineAction))
#11 C:\xampp\htdocs\MID\framework\web\CController.php(265): CController->runActionWithFilters(Object(CInlineAction), Array)
#12 C:\xampp\htdocs\MID\framework\web\CWebApplication.php(282): CController->run('')
#13 C:\xampp\htdocs\MID\framework\web\CWebApplication.php(141): CWebApplication->runController('gii/crud')
#14 C:\xampp\htdocs\MID\framework\base\CApplication.php(169): CWebApplication->processRequest()
#15 C:\xampp\htdocs\MID\index.php(13): CApplication->run()
#16 {main}
REQUEST_URI=/MID/index.php/gii/crud
HTTP_REFERER=http://localhost/MID/index.php/gii/controller
---
2013/04/13 08:04:03 [error] [system.db.CDbCommand] CDbCommand::fetchAll() failed: SQLSTATE[42S02]: Base table or view not found: 1146 Table 'interlock.servucetype' doesn't exist. The SQL statement executed was: SHOW FULL COLUMNS FROM `ServuceType`.
in C:\xampp\htdocs\MID\index.php (13)
2013/04/13 08:14:10 [error] [system.db.CDbCommand] CDbCommand::execute() failed: SQLSTATE[23000]: Integrity constraint violation: 1452 Cannot add or update a child row: a foreign key constraint fails (`interlock`.`device`, CONSTRAINT `lessee` FOREIGN KEY (`locationID`) REFERENCES `lessee` (`userID`) ON DELETE NO ACTION ON UPDATE NO ACTION). The SQL statement executed was: INSERT INTO `device` (`deviceID`, `type`, `lastCal`, `lastServ`, `lastDraegerServ`, `leased`, `locationID`) VALUES (:yp0, :yp1, :yp2, :yp3, :yp4, :yp5, :yp6).
in C:\xampp\htdocs\MID\protected\controllers\DeviceController.php (73)
in C:\xampp\htdocs\MID\index.php (13)
2013/04/13 08:14:10 [error] [exception.CDbException] exception 'CDbException' with message 'CDbCommand failed to execute the SQL statement: SQLSTATE[23000]: Integrity constraint violation: 1452 Cannot add or update a child row: a foreign key constraint fails (`interlock`.`device`, CONSTRAINT `lessee` FOREIGN KEY (`locationID`) REFERENCES `lessee` (`userID`) ON DELETE NO ACTION ON UPDATE NO ACTION). The SQL statement executed was: INSERT INTO `device` (`deviceID`, `type`, `lastCal`, `lastServ`, `lastDraegerServ`, `leased`, `locationID`) VALUES (:yp0, :yp1, :yp2, :yp3, :yp4, :yp5, :yp6)' in C:\xampp\htdocs\MID\framework\db\CDbCommand.php:357
Stack trace:
#0 C:\xampp\htdocs\MID\framework\db\ar\CActiveRecord.php(1023): CDbCommand->execute()
#1 C:\xampp\htdocs\MID\framework\db\ar\CActiveRecord.php(795): CActiveRecord->insert(NULL)
#2 C:\xampp\htdocs\MID\protected\controllers\DeviceController.php(73): CActiveRecord->save()
#3 C:\xampp\htdocs\MID\framework\web\actions\CInlineAction.php(49): DeviceController->actionCreate()
#4 C:\xampp\htdocs\MID\framework\web\CController.php(308): CInlineAction->runWithParams(Array)
#5 C:\xampp\htdocs\MID\framework\web\filters\CFilterChain.php(133): CController->runAction(Object(CInlineAction))
#6 C:\xampp\htdocs\MID\framework\web\filters\CFilter.php(40): CFilterChain->run()
#7 C:\xampp\htdocs\MID\framework\web\CController.php(1145): CFilter->filter(Object(CFilterChain))
#8 C:\xampp\htdocs\MID\framework\web\filters\CInlineFilter.php(58): CController->filterAccessControl(Object(CFilterChain))
#9 C:\xampp\htdocs\MID\framework\web\filters\CFilterChain.php(130): CInlineFilter->filter(Object(CFilterChain))
#10 C:\xampp\htdocs\MID\framework\web\CController.php(291): CFilterChain->run()
#11 C:\xampp\htdocs\MID\framework\web\CController.php(265): CController->runActionWithFilters(Object(CInlineAction), Array)
#12 C:\xampp\htdocs\MID\framework\web\CWebApplication.php(282): CController->run('create')
#13 C:\xampp\htdocs\MID\framework\web\CWebApplication.php(141): CWebApplication->runController('device/create')
#14 C:\xampp\htdocs\MID\framework\base\CApplication.php(169): CWebApplication->processRequest()
#15 C:\xampp\htdocs\MID\index.php(13): CApplication->run()
#16 {main}
REQUEST_URI=/MID/index.php/device/create
HTTP_REFERER=http://localhost/MID/index.php/device/create
---
2013/04/13 08:32:39 [error] [exception.CHttpException.404] exception 'CHttpException' with message 'The system is unable to find the requested action "ServiceCenter".' in C:\xampp\htdocs\MID\framework\web\CController.php:483
Stack trace:
#0 C:\xampp\htdocs\MID\framework\web\CController.php(270): CController->missingAction('ServiceCenter')
#1 C:\xampp\htdocs\MID\framework\web\CWebApplication.php(282): CController->run('ServiceCenter')
#2 C:\xampp\htdocs\MID\framework\web\CWebApplication.php(141): CWebApplication->runController('technician/Serv...')
#3 C:\xampp\htdocs\MID\framework\base\CApplication.php(169): CWebApplication->processRequest()
#4 C:\xampp\htdocs\MID\index.php(13): CApplication->run()
#5 {main}
REQUEST_URI=/MID/index.php/technician/ServiceCenter
---
2013/04/13 08:32:45 [error] [exception.CHttpException.404] exception 'CHttpException' with message 'The system is unable to find the requested action "Servicecenter".' in C:\xampp\htdocs\MID\framework\web\CController.php:483
Stack trace:
#0 C:\xampp\htdocs\MID\framework\web\CController.php(270): CController->missingAction('Servicecenter')
#1 C:\xampp\htdocs\MID\framework\web\CWebApplication.php(282): CController->run('Servicecenter')
#2 C:\xampp\htdocs\MID\framework\web\CWebApplication.php(141): CWebApplication->runController('technician/Serv...')
#3 C:\xampp\htdocs\MID\framework\base\CApplication.php(169): CWebApplication->processRequest()
#4 C:\xampp\htdocs\MID\index.php(13): CApplication->run()
#5 {main}
REQUEST_URI=/MID/index.php/technician/Servicecenter
---
2013/04/13 08:32:52 [error] [exception.CHttpException.404] exception 'CHttpException' with message 'The system is unable to find the requested action "servicecenter".' in C:\xampp\htdocs\MID\framework\web\CController.php:483
Stack trace:
#0 C:\xampp\htdocs\MID\framework\web\CController.php(270): CController->missingAction('servicecenter')
#1 C:\xampp\htdocs\MID\framework\web\CWebApplication.php(282): CController->run('servicecenter')
#2 C:\xampp\htdocs\MID\framework\web\CWebApplication.php(141): CWebApplication->runController('technician/serv...')
#3 C:\xampp\htdocs\MID\framework\base\CApplication.php(169): CWebApplication->processRequest()
#4 C:\xampp\htdocs\MID\index.php(13): CApplication->run()
#5 {main}
REQUEST_URI=/MID/index.php/technician/servicecenter
---
2013/04/13 08:38:52 [error] [system.db.CDbCommand] CDbCommand::execute() failed: SQLSTATE[23000]: Integrity constraint violation: 1452 Cannot add or update a child row: a foreign key constraint fails (`interlock`.`device`, CONSTRAINT `lessee` FOREIGN KEY (`locationID`) REFERENCES `lessee` (`userID`) ON DELETE NO ACTION ON UPDATE NO ACTION). The SQL statement executed was: INSERT INTO `device` (`deviceID`, `type`, `lastCal`, `lastServ`, `lastDraegerServ`, `leased`, `locationID`) VALUES (:yp0, :yp1, :yp2, :yp3, :yp4, :yp5, :yp6).
in C:\xampp\htdocs\MID\protected\controllers\DeviceController.php (73)
in C:\xampp\htdocs\MID\index.php (13)
2013/04/13 08:38:52 [error] [exception.CDbException] exception 'CDbException' with message 'CDbCommand failed to execute the SQL statement: SQLSTATE[23000]: Integrity constraint violation: 1452 Cannot add or update a child row: a foreign key constraint fails (`interlock`.`device`, CONSTRAINT `lessee` FOREIGN KEY (`locationID`) REFERENCES `lessee` (`userID`) ON DELETE NO ACTION ON UPDATE NO ACTION). The SQL statement executed was: INSERT INTO `device` (`deviceID`, `type`, `lastCal`, `lastServ`, `lastDraegerServ`, `leased`, `locationID`) VALUES (:yp0, :yp1, :yp2, :yp3, :yp4, :yp5, :yp6)' in C:\xampp\htdocs\MID\framework\db\CDbCommand.php:357
Stack trace:
#0 C:\xampp\htdocs\MID\framework\db\ar\CActiveRecord.php(1023): CDbCommand->execute()
#1 C:\xampp\htdocs\MID\framework\db\ar\CActiveRecord.php(795): CActiveRecord->insert(NULL)
#2 C:\xampp\htdocs\MID\protected\controllers\DeviceController.php(73): CActiveRecord->save()
#3 C:\xampp\htdocs\MID\framework\web\actions\CInlineAction.php(49): DeviceController->actionCreate()
#4 C:\xampp\htdocs\MID\framework\web\CController.php(308): CInlineAction->runWithParams(Array)
#5 C:\xampp\htdocs\MID\framework\web\filters\CFilterChain.php(133): CController->runAction(Object(CInlineAction))
#6 C:\xampp\htdocs\MID\framework\web\filters\CFilter.php(40): CFilterChain->run()
#7 C:\xampp\htdocs\MID\framework\web\CController.php(1145): CFilter->filter(Object(CFilterChain))
#8 C:\xampp\htdocs\MID\framework\web\filters\CInlineFilter.php(58): CController->filterAccessControl(Object(CFilterChain))
#9 C:\xampp\htdocs\MID\framework\web\filters\CFilterChain.php(130): CInlineFilter->filter(Object(CFilterChain))
#10 C:\xampp\htdocs\MID\framework\web\CController.php(291): CFilterChain->run()
#11 C:\xampp\htdocs\MID\framework\web\CController.php(265): CController->runActionWithFilters(Object(CInlineAction), Array)
#12 C:\xampp\htdocs\MID\framework\web\CWebApplication.php(282): CController->run('create')
#13 C:\xampp\htdocs\MID\framework\web\CWebApplication.php(141): CWebApplication->runController('device/create')
#14 C:\xampp\htdocs\MID\framework\base\CApplication.php(169): CWebApplication->processRequest()
#15 C:\xampp\htdocs\MID\index.php(13): CApplication->run()
#16 {main}
REQUEST_URI=/MID/index.php/device/create
HTTP_REFERER=http://localhost/MID/index.php/device/create
---
